<?xml version="1.0" encoding="UTF-8"?>
<testng-results ignored="0" total="1" passed="1" failed="0" skipped="0">
  <reporter-output>
  </reporter-output>
  <suite started-at="2024-03-08T08:43:01 IST" name="Default suite" finished-at="2024-03-08T08:44:43 IST" duration-ms="102377">
    <groups>
    </groups>
    <test started-at="2024-03-08T08:43:01 IST" name="Default test" finished-at="2024-03-08T08:44:43 IST" duration-ms="102377">
      <class name="com.Capstan.CustomerLogin.MLoginTest">
        <test-method is-config="true" signature="setUp()[pri:0, instance:com.Capstan.CustomerLogin.MLoginTest@6dc17b83]" started-at="2024-03-08T08:43:01 IST" name="setUp" finished-at="2024-03-08T08:43:14 IST" duration-ms="12617" status="PASS">
          <reporter-output>
          </reporter-output>
        </test-method> <!-- setUp -->
        <test-method signature="ManagerLoginTest()[pri:0, instance:com.Capstan.CustomerLogin.MLoginTest@6dc17b83]" started-at="2024-03-08T08:43:14 IST" name="ManagerLoginTest" finished-at="2024-03-08T08:44:40 IST" duration-ms="86380" status="PASS">
          <reporter-output>
          </reporter-output>
        </test-method> <!-- ManagerLoginTest -->
        <test-method is-config="true" signature="tearDown()[pri:0, instance:com.Capstan.CustomerLogin.MLoginTest@6dc17b83]" started-at="2024-03-08T08:44:40 IST" name="tearDown" finished-at="2024-03-08T08:44:43 IST" duration-ms="3272" status="PASS">
          <reporter-output>
          </reporter-output>
        </test-method> <!-- tearDown -->
      </class> <!-- com.Capstan.CustomerLogin.MLoginTest -->
    </test> <!-- Default test -->
  </suite> <!-- Default suite -->
</testng-results>
